  [1m[35m (8.9ms)[0m  [1m[35mSET NAMES utf8mb4,  @@SESSION.sql_mode = CONCAT(CONCAT(@@sql_mode, ',STRICT_ALL_TABLES'), ',NO_AUTO_VALUE_ON_ZERO'),  @@SESSION.sql_auto_is_null = 0, @@SESSION.wait_timeout = 2147483[0m
  [1m[35m (0.5ms)[0m  [1m[35mCREATE DATABASE `first_app_development` DEFAULT CHARACTER SET `utf8mb4`[0m
  [1m[35m (0.2ms)[0m  [1m[35mSET NAMES utf8mb4,  @@SESSION.sql_mode = CONCAT(CONCAT(@@sql_mode, ',STRICT_ALL_TABLES'), ',NO_AUTO_VALUE_ON_ZERO'),  @@SESSION.sql_auto_is_null = 0, @@SESSION.wait_timeout = 2147483[0m
  [1m[35m (0.7ms)[0m  [1m[35mCREATE DATABASE `first_app_test` DEFAULT CHARACTER SET `utf8mb4`[0m
Started GET "/" for ::1 at 2021-01-25 12:31:50 +0900
  [1m[35m (0.3ms)[0m  [1m[35mSET NAMES utf8mb4,  @@SESSION.sql_mode = CONCAT(CONCAT(@@sql_mode, ',STRICT_ALL_TABLES'), ',NO_AUTO_VALUE_ON_ZERO'),  @@SESSION.sql_auto_is_null = 0, @@SESSION.wait_timeout = 2147483[0m
Processing by Rails::WelcomeController#index as HTML
  Rendering vendor/bundle/ruby/2.6.0/gems/railties-6.0.3.4/lib/rails/templates/rails/welcome/index.html.erb
  Rendered vendor/bundle/ruby/2.6.0/gems/railties-6.0.3.4/lib/rails/templates/rails/welcome/index.html.erb (Duration: 7.2ms | Allocations: 482)
Completed 200 OK in 21ms (Views: 13.8ms | ActiveRecord: 0.0ms | Allocations: 2815)


Started GET "/" for ::1 at 2021-01-25 14:14:47 +0900
  [1m[35m (0.4ms)[0m  [1m[35mSET NAMES utf8mb4,  @@SESSION.sql_mode = CONCAT(CONCAT(@@sql_mode, ',STRICT_ALL_TABLES'), ',NO_AUTO_VALUE_ON_ZERO'),  @@SESSION.sql_auto_is_null = 0, @@SESSION.wait_timeout = 2147483[0m
Processing by Rails::WelcomeController#index as HTML
  Rendering vendor/bundle/ruby/2.6.0/gems/railties-6.0.3.4/lib/rails/templates/rails/welcome/index.html.erb
  Rendered vendor/bundle/ruby/2.6.0/gems/railties-6.0.3.4/lib/rails/templates/rails/welcome/index.html.erb (Duration: 5.2ms | Allocations: 919)
Completed 200 OK in 11ms (Views: 6.9ms | ActiveRecord: 0.0ms | Allocations: 2919)


Started GET "/posts" for ::1 at 2021-01-25 14:15:08 +0900
  
ActionController::RoutingError (uninitialized constant PostsController):
  
actionpack (6.0.3.4) lib/action_dispatch/http/request.rb:92:in `rescue in controller_class_for'
actionpack (6.0.3.4) lib/action_dispatch/http/request.rb:88:in `controller_class_for'
actionpack (6.0.3.4) lib/action_dispatch/http/request.rb:81:in `controller_class'
actionpack (6.0.3.4) lib/action_dispatch/routing/route_set.rb:44:in `controller'
actionpack (6.0.3.4) lib/action_dispatch/routing/route_set.rb:31:in `serve'
actionpack (6.0.3.4) lib/action_dispatch/journey/router.rb:49:in `block in serve'
actionpack (6.0.3.4) lib/action_dispatch/journey/router.rb:32:in `each'
actionpack (6.0.3.4) lib/action_dispatch/journey/router.rb:32:in `serve'
actionpack (6.0.3.4) lib/action_dispatch/routing/route_set.rb:834:in `call'
rack (2.2.3) lib/rack/tempfile_reaper.rb:15:in `call'
rack (2.2.3) lib/rack/etag.rb:27:in `call'
rack (2.2.3) lib/rack/conditional_get.rb:27:in `call'
rack (2.2.3) lib/rack/head.rb:12:in `call'
actionpack (6.0.3.4) lib/action_dispatch/http/content_security_policy.rb:18:in `call'
rack (2.2.3) lib/rack/session/abstract/id.rb:266:in `context'
rack (2.2.3) lib/rack/session/abstract/id.rb:260:in `call'
actionpack (6.0.3.4) lib/action_dispatch/middleware/cookies.rb:648:in `call'
activerecord (6.0.3.4) lib/active_record/migration.rb:567:in `call'
actionpack (6.0.3.4) lib/action_dispatch/middleware/callbacks.rb:27:in `block in call'
activesupport (6.0.3.4) lib/active_support/callbacks.rb:101:in `run_callbacks'
actionpack (6.0.3.4) lib/action_dispatch/middleware/callbacks.rb:26:in `call'
actionpack (6.0.3.4) lib/action_dispatch/middleware/executor.rb:14:in `call'
actionpack (6.0.3.4) lib/action_dispatch/middleware/actionable_exceptions.rb:18:in `call'
actionpack (6.0.3.4) lib/action_dispatch/middleware/debug_exceptions.rb:32:in `call'
web-console (4.1.0) lib/web_console/middleware.rb:132:in `call_app'
web-console (4.1.0) lib/web_console/middleware.rb:28:in `block in call'
web-console (4.1.0) lib/web_console/middleware.rb:17:in `catch'
web-console (4.1.0) lib/web_console/middleware.rb:17:in `call'
actionpack (6.0.3.4) lib/action_dispatch/middleware/show_exceptions.rb:33:in `call'
railties (6.0.3.4) lib/rails/rack/logger.rb:37:in `call_app'
railties (6.0.3.4) lib/rails/rack/logger.rb:26:in `block in call'
activesupport (6.0.3.4) lib/active_support/tagged_logging.rb:80:in `block in tagged'
activesupport (6.0.3.4) lib/active_support/tagged_logging.rb:28:in `tagged'
activesupport (6.0.3.4) lib/active_support/tagged_logging.rb:80:in `tagged'
railties (6.0.3.4) lib/rails/rack/logger.rb:26:in `call'
sprockets-rails (3.2.2) lib/sprockets/rails/quiet_assets.rb:13:in `call'
actionpack (6.0.3.4) lib/action_dispatch/middleware/remote_ip.rb:81:in `call'
actionpack (6.0.3.4) lib/action_dispatch/middleware/request_id.rb:27:in `call'
rack (2.2.3) lib/rack/method_override.rb:24:in `call'
rack (2.2.3) lib/rack/runtime.rb:22:in `call'
activesupport (6.0.3.4) lib/active_support/cache/strategy/local_cache_middleware.rb:29:in `call'
actionpack (6.0.3.4) lib/action_dispatch/middleware/executor.rb:14:in `call'
actionpack (6.0.3.4) lib/action_dispatch/middleware/static.rb:126:in `call'
rack (2.2.3) lib/rack/sendfile.rb:110:in `call'
actionpack (6.0.3.4) lib/action_dispatch/middleware/host_authorization.rb:82:in `call'
webpacker (4.3.0) lib/webpacker/dev_server_proxy.rb:23:in `perform_request'
rack-proxy (0.6.5) lib/rack/proxy.rb:57:in `call'
railties (6.0.3.4) lib/rails/engine.rb:527:in `call'
puma (3.12.6) lib/puma/configuration.rb:227:in `call'
puma (3.12.6) lib/puma/server.rb:706:in `handle_request'
puma (3.12.6) lib/puma/server.rb:476:in `process_client'
puma (3.12.6) lib/puma/server.rb:334:in `block in run'
puma (3.12.6) lib/puma/thread_pool.rb:135:in `block in spawn_thread'
Started GET "/posts" for ::1 at 2021-01-25 14:38:04 +0900
  [1m[35m (0.5ms)[0m  [1m[35mSET NAMES utf8mb4,  @@SESSION.sql_mode = CONCAT(CONCAT(@@sql_mode, ',STRICT_ALL_TABLES'), ',NO_AUTO_VALUE_ON_ZERO'),  @@SESSION.sql_auto_is_null = 0, @@SESSION.wait_timeout = 2147483[0m
Processing by PostsController#index as HTML
Completed 406 Not Acceptable in 10ms (ActiveRecord: 0.0ms | Allocations: 1972)


  
ActionController::MissingExactTemplate (PostsController#index is missing a template for request formats: text/html):
  
actionpack (6.0.3.4) lib/action_controller/metal/implicit_render.rb:45:in `default_render'
actionpack (6.0.3.4) lib/action_controller/metal/basic_implicit_render.rb:6:in `block in send_action'
actionpack (6.0.3.4) lib/action_controller/metal/basic_implicit_render.rb:6:in `tap'
actionpack (6.0.3.4) lib/action_controller/metal/basic_implicit_render.rb:6:in `send_action'
actionpack (6.0.3.4) lib/abstract_controller/base.rb:195:in `process_action'
actionpack (6.0.3.4) lib/action_controller/metal/rendering.rb:30:in `process_action'
actionpack (6.0.3.4) lib/abstract_controller/callbacks.rb:42:in `block in process_action'
activesupport (6.0.3.4) lib/active_support/callbacks.rb:135:in `run_callbacks'
actionpack (6.0.3.4) lib/abstract_controller/callbacks.rb:41:in `process_action'
actionpack (6.0.3.4) lib/action_controller/metal/rescue.rb:22:in `process_action'
actionpack (6.0.3.4) lib/action_controller/metal/instrumentation.rb:33:in `block in process_action'
activesupport (6.0.3.4) lib/active_support/notifications.rb:180:in `block in instrument'
activesupport (6.0.3.4) lib/active_support/notifications/instrumenter.rb:24:in `instrument'
activesupport (6.0.3.4) lib/active_support/notifications.rb:180:in `instrument'
actionpack (6.0.3.4) lib/action_controller/metal/instrumentation.rb:32:in `process_action'
actionpack (6.0.3.4) lib/action_controller/metal/params_wrapper.rb:245:in `process_action'
activerecord (6.0.3.4) lib/active_record/railties/controller_runtime.rb:27:in `process_action'
actionpack (6.0.3.4) lib/abstract_controller/base.rb:136:in `process'
actionview (6.0.3.4) lib/action_view/rendering.rb:39:in `process'
actionpack (6.0.3.4) lib/action_controller/metal.rb:190:in `dispatch'
actionpack (6.0.3.4) lib/action_controller/metal.rb:254:in `dispatch'
actionpack (6.0.3.4) lib/action_dispatch/routing/route_set.rb:50:in `dispatch'
actionpack (6.0.3.4) lib/action_dispatch/routing/route_set.rb:33:in `serve'
actionpack (6.0.3.4) lib/action_dispatch/journey/router.rb:49:in `block in serve'
actionpack (6.0.3.4) lib/action_dispatch/journey/router.rb:32:in `each'
actionpack (6.0.3.4) lib/action_dispatch/journey/router.rb:32:in `serve'
actionpack (6.0.3.4) lib/action_dispatch/routing/route_set.rb:834:in `call'
rack (2.2.3) lib/rack/tempfile_reaper.rb:15:in `call'
rack (2.2.3) lib/rack/etag.rb:27:in `call'
rack (2.2.3) lib/rack/conditional_get.rb:27:in `call'
rack (2.2.3) lib/rack/head.rb:12:in `call'
actionpack (6.0.3.4) lib/action_dispatch/http/content_security_policy.rb:18:in `call'
rack (2.2.3) lib/rack/session/abstract/id.rb:266:in `context'
rack (2.2.3) lib/rack/session/abstract/id.rb:260:in `call'
actionpack (6.0.3.4) lib/action_dispatch/middleware/cookies.rb:648:in `call'
activerecord (6.0.3.4) lib/active_record/migration.rb:567:in `call'
actionpack (6.0.3.4) lib/action_dispatch/middleware/callbacks.rb:27:in `block in call'
activesupport (6.0.3.4) lib/active_support/callbacks.rb:101:in `run_callbacks'
actionpack (6.0.3.4) lib/action_dispatch/middleware/callbacks.rb:26:in `call'
actionpack (6.0.3.4) lib/action_dispatch/middleware/executor.rb:14:in `call'
actionpack (6.0.3.4) lib/action_dispatch/middleware/actionable_exceptions.rb:18:in `call'
actionpack (6.0.3.4) lib/action_dispatch/middleware/debug_exceptions.rb:32:in `call'
web-console (4.1.0) lib/web_console/middleware.rb:132:in `call_app'
web-console (4.1.0) lib/web_console/middleware.rb:28:in `block in call'
web-console (4.1.0) lib/web_console/middleware.rb:17:in `catch'
web-console (4.1.0) lib/web_console/middleware.rb:17:in `call'
actionpack (6.0.3.4) lib/action_dispatch/middleware/show_exceptions.rb:33:in `call'
railties (6.0.3.4) lib/rails/rack/logger.rb:37:in `call_app'
railties (6.0.3.4) lib/rails/rack/logger.rb:26:in `block in call'
activesupport (6.0.3.4) lib/active_support/tagged_logging.rb:80:in `block in tagged'
activesupport (6.0.3.4) lib/active_support/tagged_logging.rb:28:in `tagged'
activesupport (6.0.3.4) lib/active_support/tagged_logging.rb:80:in `tagged'
railties (6.0.3.4) lib/rails/rack/logger.rb:26:in `call'
sprockets-rails (3.2.2) lib/sprockets/rails/quiet_assets.rb:13:in `call'
actionpack (6.0.3.4) lib/action_dispatch/middleware/remote_ip.rb:81:in `call'
actionpack (6.0.3.4) lib/action_dispatch/middleware/request_id.rb:27:in `call'
rack (2.2.3) lib/rack/method_override.rb:24:in `call'
rack (2.2.3) lib/rack/runtime.rb:22:in `call'
activesupport (6.0.3.4) lib/active_support/cache/strategy/local_cache_middleware.rb:29:in `call'
actionpack (6.0.3.4) lib/action_dispatch/middleware/executor.rb:14:in `call'
actionpack (6.0.3.4) lib/action_dispatch/middleware/static.rb:126:in `call'
rack (2.2.3) lib/rack/sendfile.rb:110:in `call'
actionpack (6.0.3.4) lib/action_dispatch/middleware/host_authorization.rb:82:in `call'
webpacker (4.3.0) lib/webpacker/dev_server_proxy.rb:23:in `perform_request'
rack-proxy (0.6.5) lib/rack/proxy.rb:57:in `call'
railties (6.0.3.4) lib/rails/engine.rb:527:in `call'
puma (3.12.6) lib/puma/configuration.rb:227:in `call'
puma (3.12.6) lib/puma/server.rb:706:in `handle_request'
puma (3.12.6) lib/puma/server.rb:476:in `process_client'
puma (3.12.6) lib/puma/server.rb:334:in `block in run'
puma (3.12.6) lib/puma/thread_pool.rb:135:in `block in spawn_thread'
Started GET "/posts" for ::1 at 2021-01-25 15:29:09 +0900
  [1m[35m (0.4ms)[0m  [1m[35mSET NAMES utf8mb4,  @@SESSION.sql_mode = CONCAT(CONCAT(@@sql_mode, ',STRICT_ALL_TABLES'), ',NO_AUTO_VALUE_ON_ZERO'),  @@SESSION.sql_auto_is_null = 0, @@SESSION.wait_timeout = 2147483[0m
Processing by PostsController#index as HTML
  Rendering posts/index.html.erb within layouts/application
  Rendered posts/index.html.erb within layouts/application (Duration: 0.9ms | Allocations: 204)
[Webpacker] Compiling...
[Webpacker] Compilation failed:
yarn run v1.22.10
info Visit https://yarnpkg.com/en/docs/cli/run for documentation about this command.


error Command "webpack" not found.

Completed 500 Internal Server Error in 1117ms (ActiveRecord: 0.0ms | Allocations: 309786)


  
ActionView::Template::Error (Webpacker can't find application in /Users/matsuura/projects/first_app/public/packs/manifest.json. Possible causes:
1. You want to set webpacker.yml value of compile to true for your environment
   unless you are using the `webpack -w` or the webpack-dev-server.
2. webpack has not yet re-run to reflect updates.
3. You have misconfigured Webpacker's config/webpacker.yml file.
4. Your webpack configuration is not creating a manifest.
Your manifest contains:
{
}
):
     6:     <%= csp_meta_tag %>
     7: 
     8:     <%= stylesheet_link_tag 'application', media: 'all', 'data-turbolinks-track': 'reload' %>
     9:     <%= javascript_pack_tag 'application', 'data-turbolinks-track': 'reload' %>
    10:   </head>
    11: 
    12:   <body>
  
app/views/layouts/application.html.erb:9
Started GET "/posts" for ::1 at 2021-01-25 15:30:40 +0900
Processing by PostsController#index as HTML
  Rendering posts/index.html.erb within layouts/application
  Rendered posts/index.html.erb within layouts/application (Duration: 0.0ms | Allocations: 5)
[Webpacker] Compiling...
[Webpacker] Compilation failed:
yarn run v1.22.10
info Visit https://yarnpkg.com/en/docs/cli/run for documentation about this command.


error Command "webpack" not found.

Completed 500 Internal Server Error in 827ms (ActiveRecord: 0.0ms | Allocations: 6876)


  
ActionView::Template::Error (Webpacker can't find application in /Users/matsuura/projects/first_app/public/packs/manifest.json. Possible causes:
1. You want to set webpacker.yml value of compile to true for your environment
   unless you are using the `webpack -w` or the webpack-dev-server.
2. webpack has not yet re-run to reflect updates.
3. You have misconfigured Webpacker's config/webpacker.yml file.
4. Your webpack configuration is not creating a manifest.
Your manifest contains:
{
}
):
     6:     <%= csp_meta_tag %>
     7: 
     8:     <%= stylesheet_link_tag 'application', media: 'all', 'data-turbolinks-track': 'reload' %>
     9:     <%= javascript_pack_tag 'application', 'data-turbolinks-track': 'reload' %>
    10:   </head>
    11: 
    12:   <body>
  
app/views/layouts/application.html.erb:9
Started GET "/posts" for ::1 at 2021-01-25 15:31:12 +0900
Processing by PostsController#index as HTML
  Rendering posts/index.html.erb within layouts/application
  Rendered posts/index.html.erb within layouts/application (Duration: 0.0ms | Allocations: 5)
[Webpacker] Compiling...
[Webpacker] Compilation failed:
yarn run v1.22.10
info Visit https://yarnpkg.com/en/docs/cli/run for documentation about this command.


error Command "webpack" not found.

Completed 500 Internal Server Error in 808ms (ActiveRecord: 0.0ms | Allocations: 11642)


  
ActionView::Template::Error (Webpacker can't find application in /Users/matsuura/projects/first_app/public/packs/manifest.json. Possible causes:
1. You want to set webpacker.yml value of compile to true for your environment
   unless you are using the `webpack -w` or the webpack-dev-server.
2. webpack has not yet re-run to reflect updates.
3. You have misconfigured Webpacker's config/webpacker.yml file.
4. Your webpack configuration is not creating a manifest.
Your manifest contains:
{
}
):
     6:     <%= csp_meta_tag %>
     7: 
     8:     <%= stylesheet_link_tag 'application', media: 'all', 'data-turbolinks-track': 'reload' %>
     9:     <%= javascript_pack_tag 'application', 'data-turbolinks-track': 'reload' %>
    10:   </head>
    11: 
    12:   <body>
  
app/views/layouts/application.html.erb:9
Started GET "/posts" for ::1 at 2021-01-25 15:32:02 +0900
Processing by PostsController#index as HTML
  Rendering posts/index.html.erb within layouts/application
  Rendered posts/index.html.erb within layouts/application (Duration: 0.4ms | Allocations: 84)
[Webpacker] Compiling...
[Webpacker] Compilation failed:
yarn run v1.22.10
info Visit https://yarnpkg.com/en/docs/cli/run for documentation about this command.


error Command "webpack" not found.

Completed 500 Internal Server Error in 817ms (ActiveRecord: 0.0ms | Allocations: 14093)


  
ActionView::Template::Error (Webpacker can't find application in /Users/matsuura/projects/first_app/public/packs/manifest.json. Possible causes:
1. You want to set webpacker.yml value of compile to true for your environment
   unless you are using the `webpack -w` or the webpack-dev-server.
2. webpack has not yet re-run to reflect updates.
3. You have misconfigured Webpacker's config/webpacker.yml file.
4. Your webpack configuration is not creating a manifest.
Your manifest contains:
{
}
):
     6:     <%= csp_meta_tag %>
     7: 
     8:     <%= stylesheet_link_tag 'application', media: 'all', 'data-turbolinks-track': 'reload' %>
     9:     <%= javascript_pack_tag 'application', 'data-turbolinks-track': 'reload' %>
    10:   </head>
    11: 
    12:   <body>
  
app/views/layouts/application.html.erb:9
Started GET "/posts" for ::1 at 2021-01-25 15:50:37 +0900
  [1m[35m (0.5ms)[0m  [1m[35mSET NAMES utf8mb4,  @@SESSION.sql_mode = CONCAT(CONCAT(@@sql_mode, ',STRICT_ALL_TABLES'), ',NO_AUTO_VALUE_ON_ZERO'),  @@SESSION.sql_auto_is_null = 0, @@SESSION.wait_timeout = 2147483[0m
Processing by PostsController#index as HTML
  Rendering posts/index.html.erb within layouts/application
  Rendered posts/index.html.erb within layouts/application (Duration: 1.6ms | Allocations: 204)
[Webpacker] Compiling...
[Webpacker] Compilation failed:
yarn run v1.22.10
info Visit https://yarnpkg.com/en/docs/cli/run for documentation about this command.


error Command "webpack" not found.

Completed 500 Internal Server Error in 1241ms (ActiveRecord: 0.0ms | Allocations: 304188)


  
ActionView::Template::Error (Webpacker can't find application in /Users/matsuura/projects/first_app/public/packs/manifest.json. Possible causes:
1. You want to set webpacker.yml value of compile to true for your environment
   unless you are using the `webpack -w` or the webpack-dev-server.
2. webpack has not yet re-run to reflect updates.
3. You have misconfigured Webpacker's config/webpacker.yml file.
4. Your webpack configuration is not creating a manifest.
Your manifest contains:
{
}
):
     6:     <%= csp_meta_tag %>
     7: 
     8:     <%= stylesheet_link_tag 'application', media: 'all', 'data-turbolinks-track': 'reload' %>
     9:     <%= javascript_pack_tag 'application', 'data-turbolinks-track': 'reload' %>
    10:   </head>
    11: 
    12:   <body>
  
app/views/layouts/application.html.erb:9
Started GET "/posts" for ::1 at 2021-01-25 15:58:18 +0900
  [1m[35m (1.5ms)[0m  [1m[35mSET NAMES utf8mb4,  @@SESSION.sql_mode = CONCAT(CONCAT(@@sql_mode, ',STRICT_ALL_TABLES'), ',NO_AUTO_VALUE_ON_ZERO'),  @@SESSION.sql_auto_is_null = 0, @@SESSION.wait_timeout = 2147483[0m
Processing by PostsController#index as HTML
  Rendering posts/index.html.erb within layouts/application
  Rendered posts/index.html.erb within layouts/application (Duration: 2.3ms | Allocations: 204)
[Webpacker] Compiling...
[Webpacker] Compiled all packs in /Users/matsuura/projects/first_app/public/packs
[Webpacker] Hash: 76145d9ce4575ebaa29b
Version: webpack 4.46.0
Time: 2202ms
Built at: 2021/01/25 15:58:24
                                     Asset       Size       Chunks                         Chunk Names
    js/application-c229f7c7014cf8c8d494.js    124 KiB  application  [emitted] [immutable]  application
js/application-c229f7c7014cf8c8d494.js.map    139 KiB  application  [emitted] [dev]        application
                             manifest.json  364 bytes               [emitted]              
Entrypoint application = js/application-c229f7c7014cf8c8d494.js js/application-c229f7c7014cf8c8d494.js.map
[./app/javascript/channels sync recursive _channel\.js$] ./app/javascript/channels sync _channel\.js$ 160 bytes {application} [built]
[./app/javascript/channels/index.js] 211 bytes {application} [built]
[./app/javascript/packs/application.js] 749 bytes {application} [built]
[./node_modules/webpack/buildin/module.js] (webpack)/buildin/module.js 552 bytes {application} [built]
    + 3 hidden modules

Completed 200 OK in 5793ms (Views: 5785.7ms | ActiveRecord: 0.0ms | Allocations: 1513199)


Started GET "/posts" for ::1 at 2021-01-25 16:03:45 +0900
  [1m[35m (0.2ms)[0m  [1m[35mSET NAMES utf8mb4,  @@SESSION.sql_mode = CONCAT(CONCAT(@@sql_mode, ',STRICT_ALL_TABLES'), ',NO_AUTO_VALUE_ON_ZERO'),  @@SESSION.sql_auto_is_null = 0, @@SESSION.wait_timeout = 2147483[0m
Processing by PostsController#index as HTML
  Rendering posts/index.html.erb within layouts/application
  Rendered posts/index.html.erb within layouts/application (Duration: 1.7ms | Allocations: 218)
[Webpacker] Everything's up-to-date. Nothing to do
Completed 200 OK in 980ms (Views: 975.3ms | ActiveRecord: 0.0ms | Allocations: 1477583)


Started GET "/posts" for ::1 at 2021-01-25 16:04:02 +0900
Processing by PostsController#index as HTML
  Rendering posts/index.html.erb within layouts/application
  Rendered posts/index.html.erb within layouts/application (Duration: 0.1ms | Allocations: 5)
[Webpacker] Everything's up-to-date. Nothing to do
Completed 200 OK in 8ms (Views: 7.2ms | ActiveRecord: 0.0ms | Allocations: 5023)


Started GET "/posts" for ::1 at 2021-01-25 16:04:32 +0900
Processing by PostsController#index as HTML
  Rendering posts/index.html.erb within layouts/application
  Rendered posts/index.html.erb within layouts/application (Duration: 0.0ms | Allocations: 5)
[Webpacker] Everything's up-to-date. Nothing to do
Completed 200 OK in 7ms (Views: 6.1ms | ActiveRecord: 0.0ms | Allocations: 5129)


Started GET "/posts" for ::1 at 2021-01-25 16:04:40 +0900
Processing by PostsController#index as HTML
  Rendering posts/index.html.erb within layouts/application
  Rendered posts/index.html.erb within layouts/application (Duration: 0.0ms | Allocations: 4)
[Webpacker] Everything's up-to-date. Nothing to do
Completed 200 OK in 9ms (Views: 8.4ms | ActiveRecord: 0.0ms | Allocations: 5010)


Started GET "/posts" for ::1 at 2021-01-25 16:05:22 +0900
Processing by PostsController#index as HTML
  Rendering posts/index.html.erb within layouts/application
  Rendered posts/index.html.erb within layouts/application (Duration: 0.4ms | Allocations: 99)
[Webpacker] Everything's up-to-date. Nothing to do
Completed 200 OK in 13ms (Views: 11.7ms | ActiveRecord: 0.0ms | Allocations: 6040)


Started GET "/posts" for ::1 at 2021-01-25 16:05:37 +0900
Processing by PostsController#index as HTML
  Rendering posts/index.html.erb within layouts/application
  Rendered posts/index.html.erb within layouts/application (Duration: 0.0ms | Allocations: 5)
[Webpacker] Everything's up-to-date. Nothing to do
Completed 200 OK in 7ms (Views: 6.2ms | ActiveRecord: 0.0ms | Allocations: 5145)


Started GET "/posts" for ::1 at 2021-01-25 16:07:58 +0900
Processing by PostsController#index as HTML
  Rendering posts/index.html.erb within layouts/application
  Rendered posts/index.html.erb within layouts/application (Duration: 238.5ms | Allocations: 147693)
Completed 500 Internal Server Error in 241ms (ActiveRecord: 0.0ms | Allocations: 148929)


  
ActionView::Template::Error (undefined local variable or method `post' for #<#<Class:0x00007fe7a7b504a0>:0x00007fe7a7fd20a0>):
    1: <h1>トップページ</h1>
    2: <%= post %>
  
app/views/posts/index.html.erb:2
Started GET "/posts" for ::1 at 2021-01-25 16:14:49 +0900
  [1m[35m (0.3ms)[0m  [1m[35mSET NAMES utf8mb4,  @@SESSION.sql_mode = CONCAT(CONCAT(@@sql_mode, ',STRICT_ALL_TABLES'), ',NO_AUTO_VALUE_ON_ZERO'),  @@SESSION.sql_auto_is_null = 0, @@SESSION.wait_timeout = 2147483[0m
Processing by PostsController#index as HTML
  Rendering posts/index.html.erb within layouts/application
  Rendered posts/index.html.erb within layouts/application (Duration: 0.8ms | Allocations: 97)
[Webpacker] Everything's up-to-date. Nothing to do
Completed 200 OK in 9ms (Views: 8.3ms | ActiveRecord: 0.0ms | Allocations: 6016)


  [1m[35m (0.6ms)[0m  [1m[35mSET NAMES utf8mb4,  @@SESSION.sql_mode = CONCAT(CONCAT(@@sql_mode, ',STRICT_ALL_TABLES'), ',NO_AUTO_VALUE_ON_ZERO'),  @@SESSION.sql_auto_is_null = 0, @@SESSION.wait_timeout = 2147483[0m
  [1m[35m (0.2ms)[0m  [1m[34mSELECT @@innodb_file_per_table = 1 AND @@innodb_file_format = 'Barracuda'[0m
  [1m[35m (38.1ms)[0m  [1m[35mCREATE TABLE `schema_migrations` (`version` varchar(255) COLLATE utf8_general_ci NOT NULL PRIMARY KEY)[0m
  [1m[35m (27.2ms)[0m  [1m[35mCREATE TABLE `ar_internal_metadata` (`key` varchar(255) COLLATE utf8_general_ci NOT NULL PRIMARY KEY, `value` varchar(255), `created_at` datetime(6) NOT NULL, `updated_at` datetime(6) NOT NULL)[0m
  [1m[35m (0.3ms)[0m  [1m[35mSET NAMES utf8mb4,  @@SESSION.sql_mode = CONCAT(CONCAT(@@sql_mode, ',STRICT_ALL_TABLES'), ',NO_AUTO_VALUE_ON_ZERO'),  @@SESSION.sql_auto_is_null = 0, @@SESSION.wait_timeout = 2147483[0m
  [1m[35m (4.4ms)[0m  [1m[34mSELECT GET_LOCK('1785429997132287975', 0)[0m
  [1m[35m (1.7ms)[0m  [1m[34mSELECT `schema_migrations`.`version` FROM `schema_migrations` ORDER BY `schema_migrations`.`version` ASC[0m
Migrating to CreatePosts (20210125100919)
  [1m[35m (27.8ms)[0m  [1m[35mCREATE TABLE `posts` (`id` bigint NOT NULL AUTO_INCREMENT PRIMARY KEY, `memo` text, `created_at` datetime(6) NOT NULL, `updated_at` datetime(6) NOT NULL)[0m
  [1m[35m (0.2ms)[0m  [1m[35mBEGIN[0m
  [1m[36mprimary::SchemaMigration Create (1.3ms)[0m  [1m[32mINSERT INTO `schema_migrations` (`version`) VALUES ('20210125100919')[0m
  [1m[35m (1.0ms)[0m  [1m[35mCOMMIT[0m
  [1m[36mActiveRecord::InternalMetadata Load (0.3ms)[0m  [1m[34mSELECT `ar_internal_metadata`.* FROM `ar_internal_metadata` WHERE `ar_internal_metadata`.`key` = 'environment' LIMIT 1[0m
  [1m[35m (0.3ms)[0m  [1m[35mBEGIN[0m
  [1m[36mActiveRecord::InternalMetadata Create (1.3ms)[0m  [1m[32mINSERT INTO `ar_internal_metadata` (`key`, `value`, `created_at`, `updated_at`) VALUES ('environment', 'development', '2021-01-25 10:32:00.449569', '2021-01-25 10:32:00.449569')[0m
  [1m[35m (0.5ms)[0m  [1m[35mCOMMIT[0m
  [1m[35m (0.2ms)[0m  [1m[34mSELECT RELEASE_LOCK('1785429997132287975')[0m
  [1m[35m (0.1ms)[0m  [1m[35mSET NAMES utf8mb4,  @@SESSION.sql_mode = CONCAT(CONCAT(@@sql_mode, ',STRICT_ALL_TABLES'), ',NO_AUTO_VALUE_ON_ZERO'),  @@SESSION.sql_auto_is_null = 0, @@SESSION.wait_timeout = 2147483[0m
  [1m[35m (0.2ms)[0m  [1m[34mSELECT `schema_migrations`.`version` FROM `schema_migrations` ORDER BY `schema_migrations`.`version` ASC[0m
  [1m[35m (0.4ms)[0m  [1m[35mSET NAMES utf8mb4,  @@SESSION.sql_mode = CONCAT(CONCAT(@@sql_mode, ',STRICT_ALL_TABLES'), ',NO_AUTO_VALUE_ON_ZERO'),  @@SESSION.sql_auto_is_null = 0, @@SESSION.wait_timeout = 2147483[0m
  [1m[35m (0.3ms)[0m  [1m[34mSELECT `schema_migrations`.`version` FROM `schema_migrations` ORDER BY `schema_migrations`.`version` ASC[0m
  [1m[35m (0.6ms)[0m  [1m[35mSET NAMES utf8mb4,  @@SESSION.sql_mode = CONCAT(CONCAT(@@sql_mode, ',STRICT_ALL_TABLES'), ',NO_AUTO_VALUE_ON_ZERO'),  @@SESSION.sql_auto_is_null = 0, @@SESSION.wait_timeout = 2147483[0m
  [1m[35m (0.3ms)[0m  [1m[34mSELECT `schema_migrations`.`version` FROM `schema_migrations` ORDER BY `schema_migrations`.`version` ASC[0m
  [1m[35m (0.3ms)[0m  [1m[34mSELECT `schema_migrations`.`version` FROM `schema_migrations` ORDER BY `schema_migrations`.`version` ASC[0m
  [1m[35m (0.1ms)[0m  [1m[34mSELECT `schema_migrations`.`version` FROM `schema_migrations` ORDER BY `schema_migrations`.`version` ASC[0m
  [1m[35m (0.2ms)[0m  [1m[35mSET NAMES utf8mb4,  @@SESSION.sql_mode = CONCAT(CONCAT(@@sql_mode, ',STRICT_ALL_TABLES'), ',NO_AUTO_VALUE_ON_ZERO'),  @@SESSION.sql_auto_is_null = 0, @@SESSION.wait_timeout = 2147483[0m
  [1m[35m (0.1ms)[0m  [1m[34mSELECT GET_LOCK('1785429997132287975', 0)[0m
  [1m[35m (0.3ms)[0m  [1m[34mSELECT `schema_migrations`.`version` FROM `schema_migrations` ORDER BY `schema_migrations`.`version` ASC[0m
Migrating to CreatePosts (20210125100919)
  [1m[35m (10.1ms)[0m  [1m[35mDROP TABLE `posts`[0m
  [1m[36mprimary::SchemaMigration Destroy (6.5ms)[0m  [1m[31mDELETE FROM `schema_migrations` WHERE `schema_migrations`.`version` = '20210125100919'[0m
  [1m[35m (0.2ms)[0m  [1m[34mSELECT RELEASE_LOCK('1785429997132287975')[0m
  [1m[35m (0.3ms)[0m  [1m[35mSET NAMES utf8mb4,  @@SESSION.sql_mode = CONCAT(CONCAT(@@sql_mode, ',STRICT_ALL_TABLES'), ',NO_AUTO_VALUE_ON_ZERO'),  @@SESSION.sql_auto_is_null = 0, @@SESSION.wait_timeout = 2147483[0m
  [1m[35m (0.3ms)[0m  [1m[34mSELECT `schema_migrations`.`version` FROM `schema_migrations` ORDER BY `schema_migrations`.`version` ASC[0m
  [1m[35m (0.5ms)[0m  [1m[35mSET NAMES utf8mb4,  @@SESSION.sql_mode = CONCAT(CONCAT(@@sql_mode, ',STRICT_ALL_TABLES'), ',NO_AUTO_VALUE_ON_ZERO'),  @@SESSION.sql_auto_is_null = 0, @@SESSION.wait_timeout = 2147483[0m
  [1m[35m (0.3ms)[0m  [1m[34mSELECT `schema_migrations`.`version` FROM `schema_migrations` ORDER BY `schema_migrations`.`version` ASC[0m
  [1m[35m (0.5ms)[0m  [1m[35mSET NAMES utf8mb4,  @@SESSION.sql_mode = CONCAT(CONCAT(@@sql_mode, ',STRICT_ALL_TABLES'), ',NO_AUTO_VALUE_ON_ZERO'),  @@SESSION.sql_auto_is_null = 0, @@SESSION.wait_timeout = 2147483[0m
  [1m[35m (0.3ms)[0m  [1m[34mSELECT `schema_migrations`.`version` FROM `schema_migrations` ORDER BY `schema_migrations`.`version` ASC[0m
  [1m[35m (0.4ms)[0m  [1m[35mSET NAMES utf8mb4,  @@SESSION.sql_mode = CONCAT(CONCAT(@@sql_mode, ',STRICT_ALL_TABLES'), ',NO_AUTO_VALUE_ON_ZERO'),  @@SESSION.sql_auto_is_null = 0, @@SESSION.wait_timeout = 2147483[0m
  [1m[35m (0.2ms)[0m  [1m[35mSET NAMES utf8mb4,  @@SESSION.sql_mode = CONCAT(CONCAT(@@sql_mode, ',STRICT_ALL_TABLES'), ',NO_AUTO_VALUE_ON_ZERO'),  @@SESSION.sql_auto_is_null = 0, @@SESSION.wait_timeout = 2147483[0m
  [1m[35m (0.2ms)[0m  [1m[34mSELECT GET_LOCK('1785429997132287975', 0)[0m
  [1m[35m (0.3ms)[0m  [1m[34mSELECT `schema_migrations`.`version` FROM `schema_migrations` ORDER BY `schema_migrations`.`version` ASC[0m
Migrating to CreatePosts (20210125100919)
  [1m[35m (0.3ms)[0m  [1m[34mSELECT @@innodb_file_per_table = 1 AND @@innodb_file_format = 'Barracuda'[0m
  [1m[35m (25.0ms)[0m  [1m[35mCREATE TABLE `posts` (`id` bigint NOT NULL AUTO_INCREMENT PRIMARY KEY, `content` text, `created_at` datetime(6) NOT NULL, `updated_at` datetime(6) NOT NULL)[0m
  [1m[35m (0.2ms)[0m  [1m[35mBEGIN[0m
  [1m[36mprimary::SchemaMigration Create (0.2ms)[0m  [1m[32mINSERT INTO `schema_migrations` (`version`) VALUES ('20210125100919')[0m
  [1m[35m (0.5ms)[0m  [1m[35mCOMMIT[0m
  [1m[36mActiveRecord::InternalMetadata Load (0.2ms)[0m  [1m[34mSELECT `ar_internal_metadata`.* FROM `ar_internal_metadata` WHERE `ar_internal_metadata`.`key` = 'environment' LIMIT 1[0m
  [1m[35m (0.3ms)[0m  [1m[34mSELECT RELEASE_LOCK('1785429997132287975')[0m
  [1m[35m (0.3ms)[0m  [1m[35mSET NAMES utf8mb4,  @@SESSION.sql_mode = CONCAT(CONCAT(@@sql_mode, ',STRICT_ALL_TABLES'), ',NO_AUTO_VALUE_ON_ZERO'),  @@SESSION.sql_auto_is_null = 0, @@SESSION.wait_timeout = 2147483[0m
  [1m[35m (0.2ms)[0m  [1m[34mSELECT `schema_migrations`.`version` FROM `schema_migrations` ORDER BY `schema_migrations`.`version` ASC[0m
  [1m[35m (0.5ms)[0m  [1m[35mSET NAMES utf8mb4,  @@SESSION.sql_mode = CONCAT(CONCAT(@@sql_mode, ',STRICT_ALL_TABLES'), ',NO_AUTO_VALUE_ON_ZERO'),  @@SESSION.sql_auto_is_null = 0, @@SESSION.wait_timeout = 2147483[0m
  [1m[35m (0.2ms)[0m  [1m[34mSELECT `schema_migrations`.`version` FROM `schema_migrations` ORDER BY `schema_migrations`.`version` ASC[0m
  [1m[35m (0.4ms)[0m  [1m[35mSET NAMES utf8mb4,  @@SESSION.sql_mode = CONCAT(CONCAT(@@sql_mode, ',STRICT_ALL_TABLES'), ',NO_AUTO_VALUE_ON_ZERO'),  @@SESSION.sql_auto_is_null = 0, @@SESSION.wait_timeout = 2147483[0m
  [1m[35m (0.2ms)[0m  [1m[35mBEGIN[0m
  [1m[36mPost Create (0.4ms)[0m  [1m[32mINSERT INTO `posts` (`content`, `created_at`, `updated_at`) VALUES ('こんにちは', '2021-01-26 03:09:20.543664', '2021-01-26 03:09:20.543664')[0m
  [1m[35m (4.7ms)[0m  [1m[35mCOMMIT[0m
  [1m[35m (0.3ms)[0m  [1m[35mSET NAMES utf8mb4,  @@SESSION.sql_mode = CONCAT(CONCAT(@@sql_mode, ',STRICT_ALL_TABLES'), ',NO_AUTO_VALUE_ON_ZERO'),  @@SESSION.sql_auto_is_null = 0, @@SESSION.wait_timeout = 2147483[0m
  [1m[36mPost Load (0.3ms)[0m  [1m[34mSELECT `posts`.* FROM `posts` LIMIT 11[0m
  [1m[36mPost Load (0.4ms)[0m  [1m[34mSELECT `posts`.* FROM `posts` WHERE `posts`.`id` = 2 LIMIT 1[0m
  [1m[35m (0.6ms)[0m  [1m[35mSET NAMES utf8mb4,  @@SESSION.sql_mode = CONCAT(CONCAT(@@sql_mode, ',STRICT_ALL_TABLES'), ',NO_AUTO_VALUE_ON_ZERO'),  @@SESSION.sql_auto_is_null = 0, @@SESSION.wait_timeout = 2147483[0m
  [1m[35m (0.3ms)[0m  [1m[34mSELECT `schema_migrations`.`version` FROM `schema_migrations` ORDER BY `schema_migrations`.`version` ASC[0m
  [1m[35m (0.3ms)[0m  [1m[34mSELECT `schema_migrations`.`version` FROM `schema_migrations` ORDER BY `schema_migrations`.`version` ASC[0m
  [1m[35m (0.2ms)[0m  [1m[34mSELECT `schema_migrations`.`version` FROM `schema_migrations` ORDER BY `schema_migrations`.`version` ASC[0m
  [1m[35m (0.2ms)[0m  [1m[35mSET NAMES utf8mb4,  @@SESSION.sql_mode = CONCAT(CONCAT(@@sql_mode, ',STRICT_ALL_TABLES'), ',NO_AUTO_VALUE_ON_ZERO'),  @@SESSION.sql_auto_is_null = 0, @@SESSION.wait_timeout = 2147483[0m
  [1m[35m (0.1ms)[0m  [1m[34mSELECT GET_LOCK('1785429997132287975', 0)[0m
  [1m[35m (0.3ms)[0m  [1m[34mSELECT `schema_migrations`.`version` FROM `schema_migrations` ORDER BY `schema_migrations`.`version` ASC[0m
Migrating to CreatePosts (20210125100919)
  [1m[35m (5.3ms)[0m  [1m[35mDROP TABLE `posts`[0m
  [1m[36mprimary::SchemaMigration Destroy (0.7ms)[0m  [1m[31mDELETE FROM `schema_migrations` WHERE `schema_migrations`.`version` = '20210125100919'[0m
  [1m[35m (0.3ms)[0m  [1m[34mSELECT RELEASE_LOCK('1785429997132287975')[0m
  [1m[35m (0.2ms)[0m  [1m[35mSET NAMES utf8mb4,  @@SESSION.sql_mode = CONCAT(CONCAT(@@sql_mode, ',STRICT_ALL_TABLES'), ',NO_AUTO_VALUE_ON_ZERO'),  @@SESSION.sql_auto_is_null = 0, @@SESSION.wait_timeout = 2147483[0m
  [1m[35m (0.3ms)[0m  [1m[34mSELECT `schema_migrations`.`version` FROM `schema_migrations` ORDER BY `schema_migrations`.`version` ASC[0m
  [1m[35m (0.5ms)[0m  [1m[35mSET NAMES utf8mb4,  @@SESSION.sql_mode = CONCAT(CONCAT(@@sql_mode, ',STRICT_ALL_TABLES'), ',NO_AUTO_VALUE_ON_ZERO'),  @@SESSION.sql_auto_is_null = 0, @@SESSION.wait_timeout = 2147483[0m
  [1m[35m (0.3ms)[0m  [1m[34mSELECT `schema_migrations`.`version` FROM `schema_migrations` ORDER BY `schema_migrations`.`version` ASC[0m
  [1m[35m (0.4ms)[0m  [1m[35mSET NAMES utf8mb4,  @@SESSION.sql_mode = CONCAT(CONCAT(@@sql_mode, ',STRICT_ALL_TABLES'), ',NO_AUTO_VALUE_ON_ZERO'),  @@SESSION.sql_auto_is_null = 0, @@SESSION.wait_timeout = 2147483[0m
  [1m[35m (0.5ms)[0m  [1m[35mSET NAMES utf8mb4,  @@SESSION.sql_mode = CONCAT(CONCAT(@@sql_mode, ',STRICT_ALL_TABLES'), ',NO_AUTO_VALUE_ON_ZERO'),  @@SESSION.sql_auto_is_null = 0, @@SESSION.wait_timeout = 2147483[0m
  [1m[35m (0.2ms)[0m  [1m[35mSET NAMES utf8mb4,  @@SESSION.sql_mode = CONCAT(CONCAT(@@sql_mode, ',STRICT_ALL_TABLES'), ',NO_AUTO_VALUE_ON_ZERO'),  @@SESSION.sql_auto_is_null = 0, @@SESSION.wait_timeout = 2147483[0m
  [1m[35m (0.1ms)[0m  [1m[34mSELECT GET_LOCK('1785429997132287975', 0)[0m
  [1m[35m (0.2ms)[0m  [1m[34mSELECT `schema_migrations`.`version` FROM `schema_migrations` ORDER BY `schema_migrations`.`version` ASC[0m
Migrating to CreatePosts (20210125100919)
  [1m[35m (0.2ms)[0m  [1m[34mSELECT @@innodb_file_per_table = 1 AND @@innodb_file_format = 'Barracuda'[0m
  [1m[35m (22.4ms)[0m  [1m[35mCREATE TABLE `posts` (`id` bigint NOT NULL AUTO_INCREMENT PRIMARY KEY, `content` text, `created_at` datetime(6) NOT NULL, `updated_at` datetime(6) NOT NULL)[0m
  [1m[35m (0.2ms)[0m  [1m[35mBEGIN[0m
  [1m[36mprimary::SchemaMigration Create (0.3ms)[0m  [1m[32mINSERT INTO `schema_migrations` (`version`) VALUES ('20210125100919')[0m
  [1m[35m (0.9ms)[0m  [1m[35mCOMMIT[0m
  [1m[36mActiveRecord::InternalMetadata Load (0.4ms)[0m  [1m[34mSELECT `ar_internal_metadata`.* FROM `ar_internal_metadata` WHERE `ar_internal_metadata`.`key` = 'environment' LIMIT 1[0m
  [1m[35m (0.2ms)[0m  [1m[34mSELECT RELEASE_LOCK('1785429997132287975')[0m
  [1m[35m (0.2ms)[0m  [1m[35mSET NAMES utf8mb4,  @@SESSION.sql_mode = CONCAT(CONCAT(@@sql_mode, ',STRICT_ALL_TABLES'), ',NO_AUTO_VALUE_ON_ZERO'),  @@SESSION.sql_auto_is_null = 0, @@SESSION.wait_timeout = 2147483[0m
  [1m[35m (0.2ms)[0m  [1m[34mSELECT `schema_migrations`.`version` FROM `schema_migrations` ORDER BY `schema_migrations`.`version` ASC[0m
  [1m[35m (0.6ms)[0m  [1m[35mSET NAMES utf8mb4,  @@SESSION.sql_mode = CONCAT(CONCAT(@@sql_mode, ',STRICT_ALL_TABLES'), ',NO_AUTO_VALUE_ON_ZERO'),  @@SESSION.sql_auto_is_null = 0, @@SESSION.wait_timeout = 2147483[0m
  [1m[36mPost Load (0.2ms)[0m  [1m[34mSELECT `posts`.* FROM `posts` LIMIT 11[0m
  [1m[35m (0.5ms)[0m  [1m[35mSET NAMES utf8mb4,  @@SESSION.sql_mode = CONCAT(CONCAT(@@sql_mode, ',STRICT_ALL_TABLES'), ',NO_AUTO_VALUE_ON_ZERO'),  @@SESSION.sql_auto_is_null = 0, @@SESSION.wait_timeout = 2147483[0m
  [1m[35m (0.2ms)[0m  [1m[35mBEGIN[0m
  [1m[36mPost Create (0.3ms)[0m  [1m[32mINSERT INTO `posts` (`content`, `created_at`, `updated_at`) VALUES ('[\"こんばんわ\", \"HELLO\"]', '2021-01-26 03:44:40.430089', '2021-01-26 03:44:40.430089')[0m
  [1m[35m (1.5ms)[0m  [1m[35mCOMMIT[0m
  [1m[35m (0.5ms)[0m  [1m[35mSET NAMES utf8mb4,  @@SESSION.sql_mode = CONCAT(CONCAT(@@sql_mode, ',STRICT_ALL_TABLES'), ',NO_AUTO_VALUE_ON_ZERO'),  @@SESSION.sql_auto_is_null = 0, @@SESSION.wait_timeout = 2147483[0m
  [1m[36mPost Load (0.3ms)[0m  [1m[34mSELECT `posts`.* FROM `posts` WHERE `posts`.`id` = 1 LIMIT 1[0m
  [1m[35m (0.3ms)[0m  [1m[35mSET NAMES utf8mb4,  @@SESSION.sql_mode = CONCAT(CONCAT(@@sql_mode, ',STRICT_ALL_TABLES'), ',NO_AUTO_VALUE_ON_ZERO'),  @@SESSION.sql_auto_is_null = 0, @@SESSION.wait_timeout = 2147483[0m
  [1m[35m (0.2ms)[0m  [1m[35mBEGIN[0m
  [1m[36mPost Create (0.5ms)[0m  [1m[32mINSERT INTO `posts` (`content`, `created_at`, `updated_at`) VALUES ('HELLO', '2021-01-26 03:48:36.524211', '2021-01-26 03:48:36.524211')[0m
  [1m[35m (1.1ms)[0m  [1m[35mCOMMIT[0m
  [1m[35m (0.4ms)[0m  [1m[35mSET NAMES utf8mb4,  @@SESSION.sql_mode = CONCAT(CONCAT(@@sql_mode, ',STRICT_ALL_TABLES'), ',NO_AUTO_VALUE_ON_ZERO'),  @@SESSION.sql_auto_is_null = 0, @@SESSION.wait_timeout = 2147483[0m
  [1m[36mPost Load (0.3ms)[0m  [1m[34mSELECT `posts`.* FROM `posts` WHERE `posts`.`id` = 1 LIMIT 1[0m
  [1m[35m (0.4ms)[0m  [1m[35mSET NAMES utf8mb4,  @@SESSION.sql_mode = CONCAT(CONCAT(@@sql_mode, ',STRICT_ALL_TABLES'), ',NO_AUTO_VALUE_ON_ZERO'),  @@SESSION.sql_auto_is_null = 0, @@SESSION.wait_timeout = 2147483[0m
  [1m[36mPost Load (0.2ms)[0m  [1m[34mSELECT `posts`.* FROM `posts` LIMIT 11[0m
  [1m[36mPost Load (0.4ms)[0m  [1m[34mSELECT `posts`.* FROM `posts` WHERE `posts`.`id` = 1 LIMIT 1[0m
  [1m[35m (0.5ms)[0m  [1m[35mSET NAMES utf8mb4,  @@SESSION.sql_mode = CONCAT(CONCAT(@@sql_mode, ',STRICT_ALL_TABLES'), ',NO_AUTO_VALUE_ON_ZERO'),  @@SESSION.sql_auto_is_null = 0, @@SESSION.wait_timeout = 2147483[0m
  [1m[36mPost Load (0.9ms)[0m  [1m[34mSELECT `posts`.* FROM `posts` WHERE `posts`.`id` = 1 LIMIT 1[0m
  [1m[36mPost Load (0.5ms)[0m  [1m[34mSELECT `posts`.* FROM `posts` WHERE `posts`.`id` = 1 LIMIT 1[0m
Started GET "/posts" for ::1 at 2021-01-26 14:42:25 +0900
  [1m[35m (0.4ms)[0m  [1m[35mSET NAMES utf8mb4,  @@SESSION.sql_mode = CONCAT(CONCAT(@@sql_mode, ',STRICT_ALL_TABLES'), ',NO_AUTO_VALUE_ON_ZERO'),  @@SESSION.sql_auto_is_null = 0, @@SESSION.wait_timeout = 2147483[0m
  [1m[35m (0.3ms)[0m  [1m[34mSELECT `schema_migrations`.`version` FROM `schema_migrations` ORDER BY `schema_migrations`.`version` ASC[0m
Processing by PostsController#index as HTML
  [1m[36mPost Load (0.3ms)[0m  [1m[34mSELECT `posts`.* FROM `posts` WHERE `posts`.`id` = 1 LIMIT 1[0m
  ↳ app/controllers/posts_controller.rb:3:in `index'
  Rendering posts/index.html.erb within layouts/application
  Rendered posts/index.html.erb within layouts/application (Duration: 1.2ms | Allocations: 221)
[Webpacker] Everything's up-to-date. Nothing to do
Completed 200 OK in 1685ms (Views: 1657.6ms | ActiveRecord: 5.7ms | Allocations: 1483314)


Started GET "/posts" for ::1 at 2021-01-26 14:43:05 +0900
Processing by PostsController#index as HTML
  [1m[36mPost Load (0.4ms)[0m  [1m[34mSELECT `posts`.* FROM `posts` WHERE `posts`.`id` = 1 LIMIT 1[0m
  ↳ app/controllers/posts_controller.rb:3:in `index'
  Rendering posts/index.html.erb within layouts/application
  Rendered posts/index.html.erb within layouts/application (Duration: 0.4ms | Allocations: 105)
[Webpacker] Everything's up-to-date. Nothing to do
Completed 200 OK in 12ms (Views: 9.2ms | ActiveRecord: 0.4ms | Allocations: 6671)


Started GET "/posts" for ::1 at 2021-01-26 14:43:40 +0900
Processing by PostsController#index as HTML
  [1m[36mPost Load (0.4ms)[0m  [1m[34mSELECT `posts`.* FROM `posts` WHERE `posts`.`id` = 1 LIMIT 1[0m
  ↳ app/controllers/posts_controller.rb:3:in `index'
  Rendering posts/index.html.erb within layouts/application
  Rendered posts/index.html.erb within layouts/application (Duration: 0.5ms | Allocations: 128)
[Webpacker] Everything's up-to-date. Nothing to do
Completed 200 OK in 12ms (Views: 9.4ms | ActiveRecord: 0.4ms | Allocations: 6668)


Started GET "/posts" for ::1 at 2021-01-26 14:46:06 +0900
Processing by PostsController#index as HTML
  Rendering posts/index.html.erb within layouts/application
  [1m[36mPost Load (0.2ms)[0m  [1m[34mSELECT `posts`.* FROM `posts`[0m
  ↳ app/views/posts/index.html.erb:2
  Rendered posts/index.html.erb within layouts/application (Duration: 244.7ms | Allocations: 151274)
Completed 500 Internal Server Error in 248ms (ActiveRecord: 3.5ms | Allocations: 152843)


  
ActionView::Template::Error (undefined local variable or method `posts' for #<#<Class:0x00007faef3297198>:0x00007faef3295168>
Did you mean?  post
               @posts):
    1: <h1>トップページ</h1>
    2: <% @posts.each do |post|%>
    3:   <%= posts.content %>
    4:   <%= posts.created_at %>
    5: <%end%>
  
app/views/posts/index.html.erb:3
app/views/posts/index.html.erb:2
Started GET "/posts" for ::1 at 2021-01-26 14:46:31 +0900
Processing by PostsController#index as HTML
  Rendering posts/index.html.erb within layouts/application
  [1m[36mPost Load (0.4ms)[0m  [1m[34mSELECT `posts`.* FROM `posts`[0m
  ↳ app/views/posts/index.html.erb:2
  Rendered posts/index.html.erb within layouts/application (Duration: 2.4ms | Allocations: 866)
[Webpacker] Everything's up-to-date. Nothing to do
Completed 200 OK in 14ms (Views: 12.1ms | ActiveRecord: 0.4ms | Allocations: 6864)


Started GET "/posts" for ::1 at 2021-01-26 14:54:00 +0900
  [1m[35m (0.3ms)[0m  [1m[35mSET NAMES utf8mb4,  @@SESSION.sql_mode = CONCAT(CONCAT(@@sql_mode, ',STRICT_ALL_TABLES'), ',NO_AUTO_VALUE_ON_ZERO'),  @@SESSION.sql_auto_is_null = 0, @@SESSION.wait_timeout = 2147483[0m
Processing by PostsController#index as HTML
  Rendering posts/index.html.erb within layouts/application
  [1m[36mPost Load (0.3ms)[0m  [1m[34mSELECT `posts`.* FROM `posts`[0m
  ↳ app/views/posts/index.html.erb:2
  Rendered posts/index.html.erb within layouts/application (Duration: 2.2ms | Allocations: 935)
[Webpacker] Everything's up-to-date. Nothing to do
Completed 200 OK in 11ms (Views: 9.4ms | ActiveRecord: 0.3ms | Allocations: 6886)


Started GET "/posts" for ::1 at 2021-01-26 14:54:11 +0900
Processing by PostsController#index as HTML
  Rendering posts/index.html.erb within layouts/application
  [1m[36mPost Load (0.4ms)[0m  [1m[34mSELECT `posts`.* FROM `posts`[0m
  ↳ app/views/posts/index.html.erb:2
  Rendered posts/index.html.erb within layouts/application (Duration: 1.5ms | Allocations: 790)
[Webpacker] Everything's up-to-date. Nothing to do
Completed 200 OK in 8ms (Views: 7.0ms | ActiveRecord: 0.4ms | Allocations: 5823)


Started GET "/posts" for ::1 at 2021-01-26 14:57:49 +0900
Processing by PostsController#index as HTML
  Rendering posts/index.html.erb within layouts/application
  [1m[36mPost Load (0.4ms)[0m  [1m[34mSELECT `posts`.* FROM `posts`[0m
  ↳ app/views/posts/index.html.erb:2
  Rendered posts/index.html.erb within layouts/application (Duration: 2.2ms | Allocations: 864)
[Webpacker] Everything's up-to-date. Nothing to do
Completed 200 OK in 11ms (Views: 9.4ms | ActiveRecord: 0.4ms | Allocations: 6814)


Started GET "/posts" for ::1 at 2021-01-26 15:00:03 +0900
Processing by PostsController#index as HTML
  Rendering posts/index.html.erb within layouts/application
  [1m[36mPost Load (0.3ms)[0m  [1m[34mSELECT `posts`.* FROM `posts`[0m
  ↳ app/views/posts/index.html.erb:2
  Rendered posts/index.html.erb within layouts/application (Duration: 2.2ms | Allocations: 706)
[Webpacker] Everything's up-to-date. Nothing to do
Completed 200 OK in 14ms (Views: 12.6ms | ActiveRecord: 0.3ms | Allocations: 5739)


Started GET "/posts" for ::1 at 2021-01-26 15:27:52 +0900
  [1m[35m (0.4ms)[0m  [1m[35mSET NAMES utf8mb4,  @@SESSION.sql_mode = CONCAT(CONCAT(@@sql_mode, ',STRICT_ALL_TABLES'), ',NO_AUTO_VALUE_ON_ZERO'),  @@SESSION.sql_auto_is_null = 0, @@SESSION.wait_timeout = 2147483[0m
Processing by PostsController#index as HTML
  Rendering posts/index.html.erb within layouts/application
  [1m[36mPost Load (0.3ms)[0m  [1m[34mSELECT `posts`.* FROM `posts`[0m
  ↳ app/views/posts/index.html.erb:2
  Rendered posts/index.html.erb within layouts/application (Duration: 1.7ms | Allocations: 705)
[Webpacker] Everything's up-to-date. Nothing to do
Completed 200 OK in 25ms (Views: 23.8ms | ActiveRecord: 0.3ms | Allocations: 9513)


Started GET "/posts" for ::1 at 2021-01-26 15:29:05 +0900
Processing by PostsController#index as HTML
  Rendering posts/index.html.erb within layouts/application
  [1m[36mPost Load (0.4ms)[0m  [1m[34mSELECT `posts`.* FROM `posts`[0m
  ↳ app/views/posts/index.html.erb:2
  Rendered posts/index.html.erb within layouts/application (Duration: 2.2ms | Allocations: 871)
[Webpacker] Everything's up-to-date. Nothing to do
Completed 200 OK in 15ms (Views: 12.3ms | ActiveRecord: 0.4ms | Allocations: 7553)


Started GET "/posts" for ::1 at 2021-01-26 16:06:24 +0900
  [1m[35m (0.2ms)[0m  [1m[35mSET NAMES utf8mb4,  @@SESSION.sql_mode = CONCAT(CONCAT(@@sql_mode, ',STRICT_ALL_TABLES'), ',NO_AUTO_VALUE_ON_ZERO'),  @@SESSION.sql_auto_is_null = 0, @@SESSION.wait_timeout = 2147483[0m
Processing by PostsController#index as HTML
  [1m[36mPost Load (0.3ms)[0m  [1m[34mSELECT `posts`.* FROM `posts` WHERE `posts`.`id` = 1 LIMIT 1[0m
  ↳ app/controllers/posts_controller.rb:3:in `index'
  Rendering posts/index.html.erb within layouts/application
  Rendered posts/index.html.erb within layouts/application (Duration: 2.8ms | Allocations: 2334)
Completed 500 Internal Server Error in 26ms (ActiveRecord: 0.3ms | Allocations: 7380)


  
ActionView::Template::Error (undefined method `each' for #<Post:0x00007faef338ff28>):
    1: <h1>トップページ</h1>
    2: <% @posts.each do |post|%>
    3: <div class="post">
    4:   <div class="post-date">
    5:      投稿日時： <%= post.created_at %>
  
app/views/posts/index.html.erb:2
  [1m[35m (0.6ms)[0m  [1m[35mSET NAMES utf8mb4,  @@SESSION.sql_mode = CONCAT(CONCAT(@@sql_mode, ',STRICT_ALL_TABLES'), ',NO_AUTO_VALUE_ON_ZERO'),  @@SESSION.sql_auto_is_null = 0, @@SESSION.wait_timeout = 2147483[0m
  [1m[36mPost Load (0.5ms)[0m  [1m[34mSELECT `posts`.* FROM `posts` WHERE `posts`.`id` = 1 LIMIT 1[0m
Started GET "/posts" for ::1 at 2021-01-26 16:09:16 +0900
Processing by PostsController#index as HTML
  [1m[36mPost Load (0.3ms)[0m  [1m[34mSELECT `posts`.* FROM `posts` WHERE `posts`.`id` = 1 LIMIT 1[0m
  ↳ app/controllers/posts_controller.rb:3:in `index'
  Rendering posts/index.html.erb within layouts/application
  Rendered posts/index.html.erb within layouts/application (Duration: 3.6ms | Allocations: 2175)
Completed 500 Internal Server Error in 6ms (ActiveRecord: 0.3ms | Allocations: 3206)


  
ActionView::Template::Error (undefined method `each' for #<Post:0x00007faef434dc58>):
    1: <h1>トップページ</h1>
    2: <% @posts.each do |post|%>
    3: <div class="post">
    4:   <div class="post-date">
    5:      投稿日時： <%= post.created_at %>
  
app/views/posts/index.html.erb:2
Started GET "/posts" for ::1 at 2021-01-26 16:09:35 +0900
Processing by PostsController#index as HTML
  [1m[36mPost Load (0.5ms)[0m  [1m[34mSELECT `posts`.* FROM `posts` WHERE `posts`.`id` = 1 LIMIT 1[0m
  ↳ app/controllers/posts_controller.rb:3:in `index'
  Rendering posts/index.html.erb within layouts/application
  Rendered posts/index.html.erb within layouts/application (Duration: 3.0ms | Allocations: 2175)
Completed 500 Internal Server Error in 6ms (ActiveRecord: 0.5ms | Allocations: 3205)


  
ActionView::Template::Error (undefined method `each' for #<Post:0x00007faeeab051a8>):
    1: <h1>トップページ</h1>
    2: <% @posts.each do |post|%>
    3: <div class="post">
    4:   <div class="post-date">
    5:      投稿日時： <%= post.created_at %>
  
app/views/posts/index.html.erb:2
Started GET "/posts" for ::1 at 2021-01-26 16:42:00 +0900
  [1m[35m (1.2ms)[0m  [1m[35mSET NAMES utf8mb4,  @@SESSION.sql_mode = CONCAT(CONCAT(@@sql_mode, ',STRICT_ALL_TABLES'), ',NO_AUTO_VALUE_ON_ZERO'),  @@SESSION.sql_auto_is_null = 0, @@SESSION.wait_timeout = 2147483[0m
  [1m[35m (0.2ms)[0m  [1m[34mSELECT `schema_migrations`.`version` FROM `schema_migrations` ORDER BY `schema_migrations`.`version` ASC[0m
Processing by PostsController#index as HTML
  [1m[36mPost Load (0.3ms)[0m  [1m[34mSELECT `posts`.* FROM `posts` WHERE `posts`.`id` = 1 LIMIT 1[0m
  ↳ app/controllers/posts_controller.rb:3:in `index'
  Rendering posts/index.html.erb within layouts/application
  Rendered posts/index.html.erb within layouts/application (Duration: 8.4ms | Allocations: 2805)
Completed 500 Internal Server Error in 41ms (ActiveRecord: 3.3ms | Allocations: 9124)


  
ActionView::Template::Error (undefined method `each' for #<Post:0x00007fc965e854f0>):
    1: <h1>トップページ</h1>
    2: <% @posts.each do |post|%>
    3: <div class="post">
    4:   <div class="post-date">
    5:      投稿日時： <%= post.created_at %>
  
app/views/posts/index.html.erb:2
Started GET "/posts" for ::1 at 2021-01-26 16:42:24 +0900
Processing by PostsController#index as HTML
  Rendering posts/index.html.erb within layouts/application
  [1m[36mPost Load (0.4ms)[0m  [1m[34mSELECT `posts`.* FROM `posts`[0m
  ↳ app/views/posts/index.html.erb:2
  Rendered posts/index.html.erb within layouts/application (Duration: 8.0ms | Allocations: 3401)
[Webpacker] Everything's up-to-date. Nothing to do
Completed 200 OK in 1028ms (Views: 1023.6ms | ActiveRecord: 2.8ms | Allocations: 1483976)


Started GET "/posts" for ::1 at 2021-01-26 16:42:57 +0900
Processing by PostsController#index as HTML
  Rendering posts/index.html.erb within layouts/application
  [1m[36mPost Load (0.3ms)[0m  [1m[34mSELECT `posts`.* FROM `posts`[0m
  ↳ app/views/posts/index.html.erb:2
  Rendered posts/index.html.erb within layouts/application (Duration: 3.2ms | Allocations: 2130)
Completed 500 Internal Server Error in 7ms (ActiveRecord: 0.3ms | Allocations: 3327)


  
ActionView::Template::Error (undefined method `content' for nil:NilClass):
     5:      投稿日時： <%= post.created_at %>
     6:    </div>
     7:    <div class="post-content">
     8:     <%= post[1].content %>
     9:    </div>
    10: </div>
    11: 
  
app/views/posts/index.html.erb:8
app/views/posts/index.html.erb:2
Started GET "/posts" for ::1 at 2021-01-26 16:43:38 +0900
Processing by PostsController#index as HTML
  Rendering posts/index.html.erb within layouts/application
  [1m[36mPost Load (0.4ms)[0m  [1m[34mSELECT `posts`.* FROM `posts`[0m
  ↳ app/views/posts/index.html.erb:2
  Rendered posts/index.html.erb within layouts/application (Duration: 2.1ms | Allocations: 876)
[Webpacker] Everything's up-to-date. Nothing to do
Completed 200 OK in 15ms (Views: 12.5ms | ActiveRecord: 0.4ms | Allocations: 7540)


Started GET "/posts" for ::1 at 2021-01-26 16:44:01 +0900
Processing by PostsController#index as HTML
  Rendering posts/index.html.erb within layouts/application
  [1m[36mPost Load (0.5ms)[0m  [1m[34mSELECT `posts`.* FROM `posts`[0m
  ↳ app/views/posts/index.html.erb:2
  Rendered posts/index.html.erb within layouts/application (Duration: 1.9ms | Allocations: 705)
[Webpacker] Everything's up-to-date. Nothing to do
Completed 200 OK in 11ms (Views: 10.0ms | ActiveRecord: 0.5ms | Allocations: 6444)


Started GET "/posts" for ::1 at 2021-01-26 16:44:27 +0900
Processing by PostsController#index as HTML
  Rendering posts/index.html.erb within layouts/application
  [1m[36mPost Load (0.4ms)[0m  [1m[34mSELECT `posts`.* FROM `posts`[0m
  ↳ app/views/posts/index.html.erb:2
  Rendered posts/index.html.erb within layouts/application (Duration: 1.9ms | Allocations: 705)
[Webpacker] Everything's up-to-date. Nothing to do
Completed 200 OK in 11ms (Views: 10.0ms | ActiveRecord: 0.4ms | Allocations: 6430)


Started GET "/posts/new" for ::1 at 2021-01-26 16:44:44 +0900
Processing by PostsController#new as HTML
  Rendering posts/new.html.erb within layouts/application
  Rendered posts/new.html.erb within layouts/application (Duration: 0.6ms | Allocations: 87)
[Webpacker] Everything's up-to-date. Nothing to do
Completed 200 OK in 10ms (Views: 9.0ms | ActiveRecord: 0.0ms | Allocations: 5939)


Started GET "/posts/new" for ::1 at 2021-01-26 16:50:46 +0900
  [1m[35m (0.4ms)[0m  [1m[35mSET NAMES utf8mb4,  @@SESSION.sql_mode = CONCAT(CONCAT(@@sql_mode, ',STRICT_ALL_TABLES'), ',NO_AUTO_VALUE_ON_ZERO'),  @@SESSION.sql_auto_is_null = 0, @@SESSION.wait_timeout = 2147483[0m
Processing by PostsController#new as HTML
  Rendering posts/new.html.erb within layouts/application
  Rendered posts/new.html.erb within layouts/application (Duration: 0.4ms | Allocations: 92)
[Webpacker] Everything's up-to-date. Nothing to do
Completed 200 OK in 12ms (Views: 10.5ms | ActiveRecord: 0.0ms | Allocations: 6735)


Started GET "/posts/new" for ::1 at 2021-01-26 16:54:38 +0900
Processing by PostsController#new as HTML
  Rendering posts/new.html.erb within layouts/application
  Rendered posts/new.html.erb within layouts/application (Duration: 9.2ms | Allocations: 2710)
[Webpacker] Everything's up-to-date. Nothing to do
Completed 200 OK in 20ms (Views: 19.0ms | ActiveRecord: 0.0ms | Allocations: 9264)


Started GET "/posts/new" for ::1 at 2021-01-26 17:18:30 +0900
  [1m[35m (0.5ms)[0m  [1m[35mSET NAMES utf8mb4,  @@SESSION.sql_mode = CONCAT(CONCAT(@@sql_mode, ',STRICT_ALL_TABLES'), ',NO_AUTO_VALUE_ON_ZERO'),  @@SESSION.sql_auto_is_null = 0, @@SESSION.wait_timeout = 2147483[0m
Processing by PostsController#new as HTML
  Rendering posts/new.html.erb within layouts/application
  Rendered posts/new.html.erb within layouts/application (Duration: 11.3ms | Allocations: 3130)
[Webpacker] Everything's up-to-date. Nothing to do
Completed 200 OK in 20ms (Views: 19.4ms | ActiveRecord: 0.0ms | Allocations: 9667)


Started GET "/posts/new" for ::1 at 2021-01-26 17:37:57 +0900
  [1m[35m (0.3ms)[0m  [1m[35mSET NAMES utf8mb4,  @@SESSION.sql_mode = CONCAT(CONCAT(@@sql_mode, ',STRICT_ALL_TABLES'), ',NO_AUTO_VALUE_ON_ZERO'),  @@SESSION.sql_auto_is_null = 0, @@SESSION.wait_timeout = 2147483[0m
Processing by PostsController#new as HTML
  Rendering posts/new.html.erb within layouts/application
  Rendered posts/new.html.erb within layouts/application (Duration: 0.8ms | Allocations: 1072)
[Webpacker] Everything's up-to-date. Nothing to do
Completed 200 OK in 11ms (Views: 10.2ms | ActiveRecord: 0.0ms | Allocations: 6698)


Started GET "/posts/new" for ::1 at 2021-01-26 17:38:00 +0900
Processing by PostsController#new as HTML
  Rendering posts/new.html.erb within layouts/application
  Rendered posts/new.html.erb within layouts/application (Duration: 1.0ms | Allocations: 1070)
[Webpacker] Everything's up-to-date. Nothing to do
Completed 200 OK in 10ms (Views: 9.2ms | ActiveRecord: 0.0ms | Allocations: 6695)


Started GET "/posts/new" for ::1 at 2021-01-26 17:39:05 +0900
Processing by PostsController#new as HTML
  Rendering posts/new.html.erb within layouts/application
  Rendered posts/new.html.erb within layouts/application (Duration: 1.1ms | Allocations: 823)
[Webpacker] Everything's up-to-date. Nothing to do
Completed 200 OK in 14ms (Views: 12.1ms | ActiveRecord: 0.0ms | Allocations: 7367)


Started GET "/posts/new" for ::1 at 2021-01-26 17:47:10 +0900
  [1m[35m (0.4ms)[0m  [1m[35mSET NAMES utf8mb4,  @@SESSION.sql_mode = CONCAT(CONCAT(@@sql_mode, ',STRICT_ALL_TABLES'), ',NO_AUTO_VALUE_ON_ZERO'),  @@SESSION.sql_auto_is_null = 0, @@SESSION.wait_timeout = 2147483[0m
Processing by PostsController#new as HTML
  Rendering posts/new.html.erb within layouts/application
  Rendered posts/new.html.erb within layouts/application (Duration: 1.2ms | Allocations: 859)
[Webpacker] Everything's up-to-date. Nothing to do
Completed 200 OK in 12ms (Views: 10.6ms | ActiveRecord: 0.0ms | Allocations: 7403)


Started GET "/posts/new" for ::1 at 2021-01-26 17:47:12 +0900
Processing by PostsController#new as HTML
  Rendering posts/new.html.erb within layouts/application
  Rendered posts/new.html.erb within layouts/application (Duration: 1.0ms | Allocations: 684)
[Webpacker] Everything's up-to-date. Nothing to do
Completed 200 OK in 11ms (Views: 9.9ms | ActiveRecord: 0.0ms | Allocations: 6304)


Started GET "/posts/new" for ::1 at 2021-01-26 17:47:53 +0900
Processing by PostsController#new as HTML
  Rendering posts/new.html.erb within layouts/application
  Rendered posts/new.html.erb within layouts/application (Duration: 1.5ms | Allocations: 863)
[Webpacker] Everything's up-to-date. Nothing to do
Completed 200 OK in 11ms (Views: 10.0ms | ActiveRecord: 0.0ms | Allocations: 7391)


Started GET "/posts/new" for ::1 at 2021-01-26 17:47:55 +0900
Processing by PostsController#new as HTML
  Parameters: {"authenticity_token"=>"ranAkL4SL00qMTXRqfKXgwkj59/loAmlRGcbC1z5C6jesqHfD2moTn0RhdV2D3hCWxihftOai2nKVSasfM34Yw=="}
  Rendering posts/new.html.erb within layouts/application
  Rendered posts/new.html.erb within layouts/application (Duration: 0.7ms | Allocations: 679)
[Webpacker] Everything's up-to-date. Nothing to do
Completed 200 OK in 8ms (Views: 7.6ms | ActiveRecord: 0.0ms | Allocations: 6301)


Started GET "/posts" for ::1 at 2021-01-26 17:48:48 +0900
Processing by PostsController#index as HTML
  Rendering posts/index.html.erb within layouts/application
  [1m[36mPost Load (0.4ms)[0m  [1m[34mSELECT `posts`.* FROM `posts`[0m
  ↳ app/views/posts/index.html.erb:4
  Rendered posts/index.html.erb within layouts/application (Duration: 2.2ms | Allocations: 908)
[Webpacker] Everything's up-to-date. Nothing to do
Completed 200 OK in 13ms (Views: 10.8ms | ActiveRecord: 0.4ms | Allocations: 7562)


Started GET "/posts/new" for ::1 at 2021-01-26 17:48:52 +0900
Processing by PostsController#new as HTML
  Parameters: {"authenticity_token"=>"LqlL8BPNthK5yaD6wGYkscljpfspwwyjNHlfAArExKZdsiq/orYxEe7pEP4fm8twm1jjWh/5jm+6S2KnKvA3bQ=="}
  Rendering posts/new.html.erb within layouts/application
  Rendered posts/new.html.erb within layouts/application (Duration: 1.1ms | Allocations: 823)
[Webpacker] Everything's up-to-date. Nothing to do
Completed 200 OK in 22ms (Views: 6.8ms | ActiveRecord: 0.0ms | Allocations: 6589)


Started GET "/posts/new" for ::1 at 2021-01-26 18:14:39 +0900
  [1m[35m (0.2ms)[0m  [1m[35mSET NAMES utf8mb4,  @@SESSION.sql_mode = CONCAT(CONCAT(@@sql_mode, ',STRICT_ALL_TABLES'), ',NO_AUTO_VALUE_ON_ZERO'),  @@SESSION.sql_auto_is_null = 0, @@SESSION.wait_timeout = 2147483[0m
Processing by PostsController#new as HTML
  Rendering posts/new.html.erb within layouts/application
  Rendered posts/new.html.erb within layouts/application (Duration: 0.9ms | Allocations: 777)
[Webpacker] Everything's up-to-date. Nothing to do
Completed 200 OK in 12ms (Views: 10.7ms | ActiveRecord: 0.0ms | Allocations: 7320)


Started POST "/posts" for ::1 at 2021-01-26 18:15:22 +0900
Processing by PostsController#creat as HTML
  Parameters: {"authenticity_token"=>"moZAueTW1a4mnZqIeQ776qWjgKsjNLukb+qMVqgacNPpnSH2Va1SrXG9Koym8xQr95jGChUOOWjh2LHxiC6DGA==", "content"=>"絶対にプログラマになれます！", "commit"=>"投稿する"}
  Rendering posts/creat.html.erb within layouts/application
  Rendered posts/creat.html.erb within layouts/application (Duration: 0.4ms | Allocations: 128)
[Webpacker] Everything's up-to-date. Nothing to do
Completed 200 OK in 10ms (Views: 8.0ms | ActiveRecord: 0.0ms | Allocations: 6032)


Started GET "/posts/index" for ::1 at 2021-01-26 18:15:24 +0900
  
ActionController::RoutingError (No route matches [GET] "/posts/index"):
  
actionpack (6.0.3.4) lib/action_dispatch/middleware/debug_exceptions.rb:36:in `call'
web-console (4.1.0) lib/web_console/middleware.rb:132:in `call_app'
web-console (4.1.0) lib/web_console/middleware.rb:28:in `block in call'
web-console (4.1.0) lib/web_console/middleware.rb:17:in `catch'
web-console (4.1.0) lib/web_console/middleware.rb:17:in `call'
actionpack (6.0.3.4) lib/action_dispatch/middleware/show_exceptions.rb:33:in `call'
railties (6.0.3.4) lib/rails/rack/logger.rb:37:in `call_app'
railties (6.0.3.4) lib/rails/rack/logger.rb:26:in `block in call'
activesupport (6.0.3.4) lib/active_support/tagged_logging.rb:80:in `block in tagged'
activesupport (6.0.3.4) lib/active_support/tagged_logging.rb:28:in `tagged'
activesupport (6.0.3.4) lib/active_support/tagged_logging.rb:80:in `tagged'
railties (6.0.3.4) lib/rails/rack/logger.rb:26:in `call'
sprockets-rails (3.2.2) lib/sprockets/rails/quiet_assets.rb:13:in `call'
actionpack (6.0.3.4) lib/action_dispatch/middleware/remote_ip.rb:81:in `call'
actionpack (6.0.3.4) lib/action_dispatch/middleware/request_id.rb:27:in `call'
rack (2.2.3) lib/rack/method_override.rb:24:in `call'
rack (2.2.3) lib/rack/runtime.rb:22:in `call'
activesupport (6.0.3.4) lib/active_support/cache/strategy/local_cache_middleware.rb:29:in `call'
actionpack (6.0.3.4) lib/action_dispatch/middleware/executor.rb:14:in `call'
actionpack (6.0.3.4) lib/action_dispatch/middleware/static.rb:126:in `call'
rack (2.2.3) lib/rack/sendfile.rb:110:in `call'
actionpack (6.0.3.4) lib/action_dispatch/middleware/host_authorization.rb:82:in `call'
webpacker (4.3.0) lib/webpacker/dev_server_proxy.rb:23:in `perform_request'
rack-proxy (0.6.5) lib/rack/proxy.rb:57:in `call'
railties (6.0.3.4) lib/rails/engine.rb:527:in `call'
puma (3.12.6) lib/puma/configuration.rb:227:in `call'
puma (3.12.6) lib/puma/server.rb:706:in `handle_request'
puma (3.12.6) lib/puma/server.rb:476:in `process_client'
puma (3.12.6) lib/puma/server.rb:334:in `block in run'
puma (3.12.6) lib/puma/thread_pool.rb:135:in `block in spawn_thread'
Started GET "/posts/index" for ::1 at 2021-01-26 18:15:51 +0900
  
ActionController::RoutingError (No route matches [GET] "/posts/index"):
  
actionpack (6.0.3.4) lib/action_dispatch/middleware/debug_exceptions.rb:36:in `call'
web-console (4.1.0) lib/web_console/middleware.rb:132:in `call_app'
web-console (4.1.0) lib/web_console/middleware.rb:28:in `block in call'
web-console (4.1.0) lib/web_console/middleware.rb:17:in `catch'
web-console (4.1.0) lib/web_console/middleware.rb:17:in `call'
actionpack (6.0.3.4) lib/action_dispatch/middleware/show_exceptions.rb:33:in `call'
railties (6.0.3.4) lib/rails/rack/logger.rb:37:in `call_app'
railties (6.0.3.4) lib/rails/rack/logger.rb:26:in `block in call'
activesupport (6.0.3.4) lib/active_support/tagged_logging.rb:80:in `block in tagged'
activesupport (6.0.3.4) lib/active_support/tagged_logging.rb:28:in `tagged'
activesupport (6.0.3.4) lib/active_support/tagged_logging.rb:80:in `tagged'
railties (6.0.3.4) lib/rails/rack/logger.rb:26:in `call'
sprockets-rails (3.2.2) lib/sprockets/rails/quiet_assets.rb:13:in `call'
actionpack (6.0.3.4) lib/action_dispatch/middleware/remote_ip.rb:81:in `call'
actionpack (6.0.3.4) lib/action_dispatch/middleware/request_id.rb:27:in `call'
rack (2.2.3) lib/rack/method_override.rb:24:in `call'
rack (2.2.3) lib/rack/runtime.rb:22:in `call'
activesupport (6.0.3.4) lib/active_support/cache/strategy/local_cache_middleware.rb:29:in `call'
actionpack (6.0.3.4) lib/action_dispatch/middleware/executor.rb:14:in `call'
actionpack (6.0.3.4) lib/action_dispatch/middleware/static.rb:126:in `call'
rack (2.2.3) lib/rack/sendfile.rb:110:in `call'
actionpack (6.0.3.4) lib/action_dispatch/middleware/host_authorization.rb:82:in `call'
webpacker (4.3.0) lib/webpacker/dev_server_proxy.rb:23:in `perform_request'
rack-proxy (0.6.5) lib/rack/proxy.rb:57:in `call'
railties (6.0.3.4) lib/rails/engine.rb:527:in `call'
puma (3.12.6) lib/puma/configuration.rb:227:in `call'
puma (3.12.6) lib/puma/server.rb:706:in `handle_request'
puma (3.12.6) lib/puma/server.rb:476:in `process_client'
puma (3.12.6) lib/puma/server.rb:334:in `block in run'
puma (3.12.6) lib/puma/thread_pool.rb:135:in `block in spawn_thread'
Started GET "/posts" for ::1 at 2021-01-26 18:15:52 +0900
Processing by PostsController#index as HTML
  Rendering posts/index.html.erb within layouts/application
  [1m[36mPost Load (0.4ms)[0m  [1m[34mSELECT `posts`.* FROM `posts`[0m
  ↳ app/views/posts/index.html.erb:4
  Rendered posts/index.html.erb within layouts/application (Duration: 7.9ms | Allocations: 3632)
[Webpacker] Everything's up-to-date. Nothing to do
Completed 200 OK in 20ms (Views: 16.5ms | ActiveRecord: 0.4ms | Allocations: 10601)


Started GET "/posts/new" for ::1 at 2021-01-26 18:15:54 +0900
Processing by PostsController#new as HTML
  Parameters: {"authenticity_token"=>"VJ4mzHbNGxUS9YPorHFYsV5Fn9rhTGY/zRwolZ1+7FMnhUeDx7acFkXVM+xzjLdwDH7Ze9d25PNDLhUyvUofmA=="}
  Rendering posts/new.html.erb within layouts/application
  Rendered posts/new.html.erb within layouts/application (Duration: 1.2ms | Allocations: 819)
[Webpacker] Everything's up-to-date. Nothing to do
Completed 200 OK in 10ms (Views: 9.0ms | ActiveRecord: 0.0ms | Allocations: 6570)


Started POST "/posts" for ::1 at 2021-01-26 18:16:16 +0900
Processing by PostsController#creat as HTML
  Parameters: {"authenticity_token"=>"QRKabE6Q9O4w/lGrMjixzEqtfstocDCYjlyBY2nRI4cyCfsj/+tz7Wfe4a/txV4NGJY4al5KslQAbrzESeXQTA==", "content"=>"再チャレンジです(1回目)", "commit"=>"投稿する"}
  Rendering posts/creat.html.erb within layouts/application
  Rendered posts/creat.html.erb within layouts/application (Duration: 0.6ms | Allocations: 123)
[Webpacker] Everything's up-to-date. Nothing to do
Completed 200 OK in 10ms (Views: 8.1ms | ActiveRecord: 0.0ms | Allocations: 6023)


Started GET "/posts" for ::1 at 2021-01-26 18:16:17 +0900
Processing by PostsController#index as HTML
  Parameters: {"authenticity_token"=>"ab81WTedimHKdI0EwFVgf7WpDrEfxCWTMQ8i4GF8sMYapFQWhuYNYp1UPQAfqI++55JIECn+p1+/PR9HQUhDDQ=="}
  Rendering posts/index.html.erb within layouts/application
  [1m[36mPost Load (0.3ms)[0m  [1m[34mSELECT `posts`.* FROM `posts`[0m
  ↳ app/views/posts/index.html.erb:4
  Rendered posts/index.html.erb within layouts/application (Duration: 1.4ms | Allocations: 729)
[Webpacker] Everything's up-to-date. Nothing to do
Completed 200 OK in 9ms (Views: 8.2ms | ActiveRecord: 0.3ms | Allocations: 6471)


Started GET "/posts/new" for ::1 at 2021-01-26 19:07:01 +0900
  [1m[35m (0.3ms)[0m  [1m[35mSET NAMES utf8mb4,  @@SESSION.sql_mode = CONCAT(CONCAT(@@sql_mode, ',STRICT_ALL_TABLES'), ',NO_AUTO_VALUE_ON_ZERO'),  @@SESSION.sql_auto_is_null = 0, @@SESSION.wait_timeout = 2147483[0m
Processing by PostsController#new as HTML
  Parameters: {"authenticity_token"=>"9fAvHRXTgvOG7vMeyLVhxm6IpKdp0u8IdSZtGTlV1heG605SpKgF8NHOQxoXSI4HPLPiBl/obcT7FFC+GWEl3A=="}
  Rendering posts/new.html.erb within layouts/application
  Rendered posts/new.html.erb within layouts/application (Duration: 0.9ms | Allocations: 628)
[Webpacker] Everything's up-to-date. Nothing to do
Completed 200 OK in 8ms (Views: 6.9ms | ActiveRecord: 0.0ms | Allocations: 6399)


Started POST "/posts" for ::1 at 2021-01-26 19:07:05 +0900
Processing by PostsController#creat as HTML
  Parameters: {"authenticity_token"=>"kXg4ujjk0KmGcV2yjME5BoN1Jf7FUTFryvOG5LvWC/riY1n1iZ9XqtFR7bZTPNbH0U5jX/Nrs6dEwbtDm+L4MQ==", "content"=>"絶対にプログラマになれます！", "commit"=>"投稿する"}
Completed 500 Internal Server Error in 8ms (ActiveRecord: 0.0ms | Allocations: 3611)


  
NoMethodError (undefined method `creat' for #<Class:0x00007fc969f80ce8>
Did you mean?  create
               create!):
  
app/controllers/posts_controller.rb:11:in `creat'
Started POST "/posts" for ::1 at 2021-01-26 19:08:45 +0900
Processing by PostsController#create as HTML
  Parameters: {"authenticity_token"=>"kXg4ujjk0KmGcV2yjME5BoN1Jf7FUTFryvOG5LvWC/riY1n1iZ9XqtFR7bZTPNbH0U5jX/Nrs6dEwbtDm+L4MQ==", "content"=>"絶対にプログラマになれます！", "commit"=>"投稿する"}
  [1m[35m (0.1ms)[0m  [1m[35mBEGIN[0m
  ↳ app/controllers/posts_controller.rb:11:in `create'
  [1m[36mPost Create (0.3ms)[0m  [1m[32mINSERT INTO `posts` (`content`, `created_at`, `updated_at`) VALUES ('絶対にプログラマになれます！', '2021-01-26 10:08:45.311710', '2021-01-26 10:08:45.311710')[0m
  ↳ app/controllers/posts_controller.rb:11:in `create'
  [1m[35m (2.0ms)[0m  [1m[35mCOMMIT[0m
  ↳ app/controllers/posts_controller.rb:11:in `create'
  Rendering posts/create.html.erb within layouts/application
  Rendered posts/create.html.erb within layouts/application (Duration: 0.6ms | Allocations: 125)
[Webpacker] Everything's up-to-date. Nothing to do
Completed 200 OK in 21ms (Views: 7.8ms | ActiveRecord: 5.9ms | Allocations: 12205)


Started GET "/posts" for ::1 at 2021-01-26 19:08:46 +0900
Processing by PostsController#index as HTML
  Parameters: {"authenticity_token"=>"UgDfVwZscx0wYquDbOvhZSkoNzHAX5glZnp+hOWuLUIhG74Ytxf0HmdCG4ezFg6kexNxkPZlGunoSEMjxZreiQ=="}
  Rendering posts/index.html.erb within layouts/application
  [1m[36mPost Load (0.3ms)[0m  [1m[34mSELECT `posts`.* FROM `posts`[0m
  ↳ app/views/posts/index.html.erb:4
  Rendered posts/index.html.erb within layouts/application (Duration: 1.9ms | Allocations: 936)
[Webpacker] Everything's up-to-date. Nothing to do
Completed 200 OK in 11ms (Views: 8.7ms | ActiveRecord: 0.3ms | Allocations: 6809)


Started GET "/posts/new" for ::1 at 2021-01-26 19:09:45 +0900
Processing by PostsController#new as HTML
  Parameters: {"authenticity_token"=>"132bKxq6aevbmevpi5bWN5TxYIm8rOIDvle/uvjaUpqkZvpkq8Hu6Iy5W+1Uazn2xsomKIqWYM8wZYId2O6hUQ=="}
  Rendering posts/new.html.erb within layouts/application
  Rendered posts/new.html.erb within layouts/application (Duration: 1.0ms | Allocations: 777)
[Webpacker] Everything's up-to-date. Nothing to do
Completed 200 OK in 9ms (Views: 8.0ms | ActiveRecord: 0.0ms | Allocations: 7326)


Started POST "/posts" for ::1 at 2021-01-26 19:10:09 +0900
Processing by PostsController#create as HTML
  Parameters: {"authenticity_token"=>"iNJdIRqVYfM/loZRfDmDSG90VagfMegWl0JG9j3hTNn7yTxuq+7m8Gi2NlWjxGyJPU8TCSkLatoZcHtRHdW/Eg==", "content1"=>"ここが正念場です！", "commit"=>"投稿する"}
  [1m[35m (0.3ms)[0m  [1m[35mBEGIN[0m
  ↳ app/controllers/posts_controller.rb:11:in `create'
  [1m[36mPost Create (0.3ms)[0m  [1m[32mINSERT INTO `posts` (`content`, `created_at`, `updated_at`) VALUES ('ここが正念場です！', '2021-01-26 10:10:09.314431', '2021-01-26 10:10:09.314431')[0m
  ↳ app/controllers/posts_controller.rb:11:in `create'
  [1m[35m (0.5ms)[0m  [1m[35mCOMMIT[0m
  ↳ app/controllers/posts_controller.rb:11:in `create'
  Rendering posts/create.html.erb within layouts/application
  Rendered posts/create.html.erb within layouts/application (Duration: 0.4ms | Allocations: 123)
[Webpacker] Everything's up-to-date. Nothing to do
Completed 200 OK in 22ms (Views: 7.6ms | ActiveRecord: 4.1ms | Allocations: 11290)


Started GET "/posts" for ::1 at 2021-01-26 19:10:10 +0900
Processing by PostsController#index as HTML
  Parameters: {"authenticity_token"=>"SQKwj+8ewoc/K65zJqRd8VP4ZAb3FP7A3ALtMnxi9vc6GdHAXmVFhGgLHnf5WbIwAcMip8EufAxSMNCVXFYFPA=="}
  Rendering posts/index.html.erb within layouts/application
  [1m[36mPost Load (0.5ms)[0m  [1m[34mSELECT `posts`.* FROM `posts`[0m
  ↳ app/views/posts/index.html.erb:4
  Rendered posts/index.html.erb within layouts/application (Duration: 2.7ms | Allocations: 961)
[Webpacker] Everything's up-to-date. Nothing to do
Completed 200 OK in 11ms (Views: 9.3ms | ActiveRecord: 0.5ms | Allocations: 6841)


  [1m[35m (0.4ms)[0m  [1m[35mSET NAMES utf8,  @@SESSION.sql_mode = CONCAT(CONCAT(@@sql_mode, ',STRICT_ALL_TABLES'), ',NO_AUTO_VALUE_ON_ZERO'),  @@SESSION.sql_auto_is_null = 0, @@SESSION.wait_timeout = 2147483[0m
  [1m[35m (0.5ms)[0m  [1m[34mSELECT `schema_migrations`.`version` FROM `schema_migrations` ORDER BY `schema_migrations`.`version` ASC[0m
  [1m[35m (0.5ms)[0m  [1m[35mSET NAMES utf8,  @@SESSION.sql_mode = CONCAT(CONCAT(@@sql_mode, ',STRICT_ALL_TABLES'), ',NO_AUTO_VALUE_ON_ZERO'),  @@SESSION.sql_auto_is_null = 0, @@SESSION.wait_timeout = 2147483[0m
  [1m[35m (0.2ms)[0m  [1m[34mSELECT `schema_migrations`.`version` FROM `schema_migrations` ORDER BY `schema_migrations`.`version` ASC[0m
  [1m[35m (0.1ms)[0m  [1m[34mSELECT `schema_migrations`.`version` FROM `schema_migrations` ORDER BY `schema_migrations`.`version` ASC[0m
  [1m[35m (0.1ms)[0m  [1m[34mSELECT `schema_migrations`.`version` FROM `schema_migrations` ORDER BY `schema_migrations`.`version` ASC[0m
  [1m[35m (0.2ms)[0m  [1m[35mSET NAMES utf8,  @@SESSION.sql_mode = CONCAT(CONCAT(@@sql_mode, ',STRICT_ALL_TABLES'), ',NO_AUTO_VALUE_ON_ZERO'),  @@SESSION.sql_auto_is_null = 0, @@SESSION.wait_timeout = 2147483[0m
  [1m[35m (4.0ms)[0m  [1m[34mSELECT GET_LOCK('7209158273134045305', 0)[0m
  [1m[35m (0.3ms)[0m  [1m[34mSELECT `schema_migrations`.`version` FROM `schema_migrations` ORDER BY `schema_migrations`.`version` ASC[0m
Migrating to CreatePosts (20210125100919)
  [1m[35m (7.4ms)[0m  [1m[35mDROP TABLE `posts`[0m
  [1m[36mprimary::SchemaMigration Destroy (5.4ms)[0m  [1m[31mDELETE FROM `schema_migrations` WHERE `schema_migrations`.`version` = '20210125100919'[0m
  [1m[35m (0.3ms)[0m  [1m[34mSELECT RELEASE_LOCK('7209158273134045305')[0m
  [1m[35m (0.2ms)[0m  [1m[35mSET NAMES utf8,  @@SESSION.sql_mode = CONCAT(CONCAT(@@sql_mode, ',STRICT_ALL_TABLES'), ',NO_AUTO_VALUE_ON_ZERO'),  @@SESSION.sql_auto_is_null = 0, @@SESSION.wait_timeout = 2147483[0m
  [1m[35m (0.3ms)[0m  [1m[34mSELECT `schema_migrations`.`version` FROM `schema_migrations` ORDER BY `schema_migrations`.`version` ASC[0m
  [1m[35m (0.5ms)[0m  [1m[35mSET NAMES utf8,  @@SESSION.sql_mode = CONCAT(CONCAT(@@sql_mode, ',STRICT_ALL_TABLES'), ',NO_AUTO_VALUE_ON_ZERO'),  @@SESSION.sql_auto_is_null = 0, @@SESSION.wait_timeout = 2147483[0m
  [1m[35m (0.3ms)[0m  [1m[34mSELECT `schema_migrations`.`version` FROM `schema_migrations` ORDER BY `schema_migrations`.`version` ASC[0m
  [1m[35m (0.8ms)[0m  [1m[35mSET NAMES utf8,  @@SESSION.sql_mode = CONCAT(CONCAT(@@sql_mode, ',STRICT_ALL_TABLES'), ',NO_AUTO_VALUE_ON_ZERO'),  @@SESSION.sql_auto_is_null = 0, @@SESSION.wait_timeout = 2147483[0m
  [1m[35m (0.2ms)[0m  [1m[35mSET NAMES utf8,  @@SESSION.sql_mode = CONCAT(CONCAT(@@sql_mode, ',STRICT_ALL_TABLES'), ',NO_AUTO_VALUE_ON_ZERO'),  @@SESSION.sql_auto_is_null = 0, @@SESSION.wait_timeout = 2147483[0m
  [1m[35m (0.1ms)[0m  [1m[34mSELECT GET_LOCK('7209158273134045305', 0)[0m
  [1m[35m (0.3ms)[0m  [1m[34mSELECT `schema_migrations`.`version` FROM `schema_migrations` ORDER BY `schema_migrations`.`version` ASC[0m
Migrating to CreatePosts (20210125100919)
  [1m[35m (0.3ms)[0m  [1m[34mSELECT @@innodb_file_per_table = 1 AND @@innodb_file_format = 'Barracuda'[0m
  [1m[35m (28.4ms)[0m  [1m[35mCREATE TABLE `posts` (`id` bigint NOT NULL AUTO_INCREMENT PRIMARY KEY, `content` text, `checked` tinyint(1), `created_at` datetime(6) NOT NULL, `updated_at` datetime(6) NOT NULL)[0m
  [1m[35m (0.1ms)[0m  [1m[35mBEGIN[0m
  [1m[36mprimary::SchemaMigration Create (0.2ms)[0m  [1m[32mINSERT INTO `schema_migrations` (`version`) VALUES ('20210125100919')[0m
  [1m[35m (0.5ms)[0m  [1m[35mCOMMIT[0m
  [1m[36mActiveRecord::InternalMetadata Load (2.4ms)[0m  [1m[34mSELECT `ar_internal_metadata`.* FROM `ar_internal_metadata` WHERE `ar_internal_metadata`.`key` = 'environment' LIMIT 1[0m
  [1m[35m (0.1ms)[0m  [1m[34mSELECT RELEASE_LOCK('7209158273134045305')[0m
  [1m[35m (0.3ms)[0m  [1m[35mSET NAMES utf8,  @@SESSION.sql_mode = CONCAT(CONCAT(@@sql_mode, ',STRICT_ALL_TABLES'), ',NO_AUTO_VALUE_ON_ZERO'),  @@SESSION.sql_auto_is_null = 0, @@SESSION.wait_timeout = 2147483[0m
  [1m[35m (0.4ms)[0m  [1m[34mSELECT `schema_migrations`.`version` FROM `schema_migrations` ORDER BY `schema_migrations`.`version` ASC[0m
